<?xml version="1.0" encoding="UTF-8"?>
<!-- Generated by org.testng.reporters.JUnitXMLReporter -->
<testsuite ignored="0" hostname="DESKTOP-JO7IUIU" failures="0" tests="3" name="Test" time="69.367" errors="0" timestamp="2024-07-22T12:42:34 IST">
  <testcase classname="testscripts.End_To_End_Test" name="validateMyAccPage" time="9.303"/>
  <testcase classname="testscripts.End_To_End_Test" name="validateMyAccPage" time="9.942"/>
  <testcase classname="testscripts.End_To_End_Test" name="validateMyAccPage" time="7.314"/>
</testsuite> <!-- Test -->
