<?xml version="1.0" encoding="UTF-8"?>
<testng-results ignored="0" total="1" passed="1" failed="0" skipped="0">
  <reporter-output>
    <line>
      <![CDATA[test execution started]]>
    </line>
    <line>
      <![CDATA[test script passed]]>
    </line>
  </reporter-output>
  <suite started-at="2024-07-22T23:28:03 IST" name="Default suite" finished-at="2024-07-22T23:28:24 IST" duration-ms="20915">
    <groups>
    </groups>
    <test started-at="2024-07-22T23:28:03 IST" name="Default test" finished-at="2024-07-22T23:28:24 IST" duration-ms="20915">
      <class name="ts_001_register_functionality.TC_RF_020">
        <test-method is-config="true" signature="extendingReports()[pri:0, instance:ts_001_register_functionality.TC_RF_020@2002fc1d]" started-at="2024-07-22T23:28:03 IST" name="extendingReports" finished-at="2024-07-22T23:28:03 IST" duration-ms="425" status="PASS">
          <reporter-output>
          </reporter-output>
        </test-method> <!-- extendingReports -->
        <test-method is-config="true" signature="setup(java.lang.String)[pri:0, instance:ts_001_register_functionality.TC_RF_020@2002fc1d]" started-at="2024-07-22T23:28:05 IST" name="setup" finished-at="2024-07-22T23:28:16 IST" duration-ms="11799" status="PASS">
          <params>
            <param index="0">
              <value>
                <![CDATA[chrome]]>
              </value>
            </param>
          </params>
          <reporter-output>
          </reporter-output>
        </test-method> <!-- setup -->
        <test-method signature="creatingAccOnlyWithYear([Ljava.lang.String;)[pri:0, instance:ts_001_register_functionality.TC_RF_020@2002fc1d]" started-at="2024-07-22T23:28:16 IST" name="creatingAccOnlyWithYear" data-provider="acc credentials" finished-at="2024-07-22T23:28:24 IST" duration-ms="7488" status="PASS">
          <params>
            <param index="0">
              <value>
                <![CDATA[[Ljava.lang.String;@51c959a4]]>
              </value>
            </param>
          </params>
          <reporter-output>
            <line>
              <![CDATA[test execution started]]>
            </line>
            <line>
              <![CDATA[test script passed]]>
            </line>
          </reporter-output>
        </test-method> <!-- creatingAccOnlyWithYear -->
        <test-method is-config="true" signature="tearDown()[pri:0, instance:ts_001_register_functionality.TC_RF_020@2002fc1d]" started-at="2024-07-22T23:28:24 IST" name="tearDown" finished-at="2024-07-22T23:28:24 IST" duration-ms="473" status="PASS">
          <reporter-output>
          </reporter-output>
        </test-method> <!-- tearDown -->
        <test-method is-config="true" signature="reportGeneration()[pri:0, instance:ts_001_register_functionality.TC_RF_020@2002fc1d]" started-at="2024-07-22T23:28:24 IST" name="reportGeneration" finished-at="2024-07-22T23:28:25 IST" duration-ms="483" status="PASS">
          <reporter-output>
          </reporter-output>
        </test-method> <!-- reportGeneration -->
      </class> <!-- ts_001_register_functionality.TC_RF_020 -->
    </test> <!-- Default test -->
  </suite> <!-- Default suite -->
</testng-results>
